#
# There is insufficient memory for the Java Runtime Environment to continue.
# Native memory allocation (mmap) failed to map 19922944 bytes for Failed to commit area from 0x00000000c7900000 to 0x00000000c8c00000 of length 19922944.
# Possible reasons:
#   The system is out of physical RAM or swap space
#   The process is running with CompressedOops enabled, and the Java Heap may be blocking the growth of the native heap
# Possible solutions:
#   Reduce memory load on the system
#   Increase physical memory or swap space
#   Check if swap backing store is full
#   Decrease Java heap size (-Xmx/-Xms)
#   Decrease number of Java threads
#   Decrease Java thread stack sizes (-Xss)
#   Set larger code cache with -XX:ReservedCodeCacheSize=
#   JVM is running with Unscaled Compressed Oops mode in which the Java heap is
#     placed in the first 4GB address space. The Java Heap base address is the
#     maximum limit for the native heap growth. Please use -XX:HeapBaseMinAddress
#     to set the Java Heap base and to place the Java Heap above 4GB virtual address.
# This output file may be truncated or incomplete.
#
#  Out of Memory Error (./open/src/hotspot/os/windows/os_windows.cpp:3273), pid=12320, tid=15576
#
# JRE version: Java(TM) SE Runtime Environment 18.9 (11.0.11+9) (build 11.0.11+9-LTS-194)
# Java VM: Java HotSpot(TM) 64-Bit Server VM 18.9 (11.0.11+9-LTS-194, mixed mode, tiered, compressed oops, g1 gc, windows-amd64)
# No core dump will be written. Minidumps are not enabled by default on client versions of Windows
#

---------------  S U M M A R Y ------------

Command Line: -Xverify:none -XX:TieredStopAtLevel=1 -Dfile.encoding=windows-1252 -Duser.country=AR -Duser.language=es -Duser.variant com.mindhub.homebanking.HomebankingApplication

Host: Intel(R) Core(TM) i3-7100U CPU @ 2.40GHz, 4 cores, 3G,  Windows 10 , 64 bit Build 19041 (10.0.19041.1023)
Time: Tue Jun 29 14:52:57 2021 Hora estándar de Argentina elapsed time: 8.345550 seconds (0d 0h 0m 8s)

---------------  T H R E A D  ---------------

Current thread (0x000001d0fa588800):  VMThread "VM Thread" [stack: 0x0000009eed900000,0x0000009eeda00000] [id=15576]

Stack: [0x0000009eed900000,0x0000009eeda00000]
[error occurred during error reporting (printing stack bounds), id 0xc0000005, EXCEPTION_ACCESS_VIOLATION (0xc0000005) at pc=0x000001d080000f2d]

Native frames: (J=compiled Java code, j=interpreted, Vv=VM code, C=native code)
V  [jvm.dll+0x616f2a]
V  [jvm.dll+0x74de7f]
V  [jvm.dll+0x74f505]
V  [jvm.dll+0x74fae5]
V  [jvm.dll+0x74fa9b]
V  [jvm.dll+0x616763]
V  [jvm.dll+0x616b28]
C  [ntdll.dll+0xa217f]
C  [ntdll.dll+0x51454]
C  [ntdll.dll+0xa0cae]
C  0x000001d080000f2d

VM_Operation (0x0000009eed3f87f0): CollectForMetadataAllocation, mode: safepoint, requested by thread 0x000001d0ecf45800


---------------  P R O C E S S  ---------------

Threads class SMR info:
_java_thread_list=0x000001d0fad95a50, length=14, elements={
0x000001d0ecf45800, 0x000001d0fa5b0000, 0x000001d0fa5b9800, 0x000001d0fa60a800,
0x000001d0fa60c800, 0x000001d0fa60e000, 0x000001d0fa61e800, 0x000001d0fa85e000,
0x000001d0fa864000, 0x000001d0fc3db800, 0x000001d0fac5e800, 0x000001d0faf10800,
0x000001d0faf11000, 0x000001d0faf12000
}

Java Threads: ( => current thread )
  0x000001d0ecf45800 JavaThread "main" [_thread_blocked, id=12248, stack(0x0000009eed300000,0x0000009eed400000)]
  0x000001d0fa5b0000 JavaThread "Reference Handler" daemon [_thread_blocked, id=5728, stack(0x0000009eeda00000,0x0000009eedb00000)]
  0x000001d0fa5b9800 JavaThread "Finalizer" daemon [_thread_blocked, id=3124, stack(0x0000009eedb00000,0x0000009eedc00000)]
  0x000001d0fa60a800 JavaThread "Signal Dispatcher" daemon [_thread_blocked, id=4616, stack(0x0000009eedc00000,0x0000009eedd00000)]
  0x000001d0fa60c800 JavaThread "Attach Listener" daemon [_thread_blocked, id=4144, stack(0x0000009eedd00000,0x0000009eede00000)]
  0x000001d0fa60e000 JavaThread "C1 CompilerThread0" daemon [_thread_blocked, id=10144, stack(0x0000009eede00000,0x0000009eedf00000)]
  0x000001d0fa61e800 JavaThread "Sweeper thread" daemon [_thread_blocked, id=3916, stack(0x0000009eedf00000,0x0000009eee000000)]
  0x000001d0fa85e000 JavaThread "Service Thread" daemon [_thread_blocked, id=11700, stack(0x0000009eee000000,0x0000009eee100000)]
  0x000001d0fa864000 JavaThread "Common-Cleaner" daemon [_thread_blocked, id=15744, stack(0x0000009eee200000,0x0000009eee300000)]
  0x000001d0fc3db800 JavaThread "HikariPool-1 housekeeper" daemon [_thread_blocked, id=13888, stack(0x0000009eee400000,0x0000009eee500000)]
  0x000001d0fac5e800 JavaThread "HikariPool-1 connection adder" daemon [_thread_blocked, id=12508, stack(0x0000009eee700000,0x0000009eee800000)]
  0x000001d0faf10800 JavaThread "Catalina-utility-1" [_thread_blocked, id=13800, stack(0x0000009eee800000,0x0000009eee900000)]
  0x000001d0faf11000 JavaThread "Catalina-utility-2" [_thread_blocked, id=7716, stack(0x0000009eee900000,0x0000009eeea00000)]
  0x000001d0faf12000 JavaThread "container-0" [_thread_blocked, id=9000, stack(0x0000009eeea00000,0x0000009eeeb00000)]

Other Threads:
=>0x000001d0fa588800 VMThread "VM Thread" [stack: 0x0000009eed900000,0x0000009eeda00000] [id=15576]
  0x000001d0fa861000 WatcherThread [stack: 0x0000009eee100000,0x0000009eee200000] [id=5188]
  0x000001d0ecf5c000 GCTaskThread "GC Thread#0" [stack: 0x0000009eed400000,0x0000009eed500000] [id=9624]
  0x000001d0fafe5800 GCTaskThread "GC Thread#1" [stack: 0x0000009eee300000,0x0000009eee400000] [id=2656]
  0x000001d0fb211800 GCTaskThread "GC Thread#2" [stack: 0x0000009eee500000,0x0000009eee600000] [id=7248]
  0x000001d0fb263800 GCTaskThread "GC Thread#3" [stack: 0x0000009eee600000,0x0000009eee700000] [id=16128]
  0x000001d0ecf77800 ConcurrentGCThread "G1 Main Marker" [stack: 0x0000009eed500000,0x0000009eed600000] [id=7100]
  0x000001d0ecf79000 ConcurrentGCThread "G1 Conc#0" [stack: 0x0000009eed600000,0x0000009eed700000] [id=8100]
  0x000001d0ecfd4800 ConcurrentGCThread "G1 Refine#0" [stack: 0x0000009eed700000,0x0000009eed800000] [id=14176]
  0x000001d0ecfd6800 ConcurrentGCThread "G1 Young RemSet Sampling" [stack: 0x0000009eed800000,0x0000009eed900000] [id=5180]

Threads with active compile tasks:

VM state:at safepoint (normal execution)

VM Mutex/Monitor currently owned by a thread:  ([mutex/lock_event])
[0x000001d0ecf420c0] Threads_lock - owner thread: 0x000001d0fa588800
[0x000001d0ecf41850] Heap_lock - owner thread: 0x000001d0ecf45800

Heap address: 0x00000000c1c00000, size: 996 MB, Compressed Oops mode: 32-bit
Narrow klass base: 0x0000000000000000, Narrow klass shift: 3
Compressed class space size: 1073741824 Address: 0x0000000100000000

Heap:
 garbage-first heap   total 114688K, used 19934K [0x00000000c1c00000, 0x0000000100000000)
  region size 1024K, 4 young (4096K), 4 survivors (4096K)
 Metaspace       used 43057K, capacity 44171K, committed 44208K, reserved 1093632K
  class space    used 5402K, capacity 5855K, committed 5888K, reserved 1048576K
Heap Regions: E=young(eden), S=young(survivor), O=old, HS=humongous(starts), HC=humongous(continues), CS=collection set, F=free, A=archive, TAMS=top-at-mark-start (previous, next)
|   0|0x00000000c1c00000, 0x00000000c1d00000, 0x00000000c1d00000|100%|HS|  |TAMS 0x00000000c1d00000, 0x00000000c1d00000| Complete 
|   1|0x00000000c1d00000, 0x00000000c1e00000, 0x00000000c1e00000|100%| O|  |TAMS 0x00000000c1e00000, 0x00000000c1e00000| Untracked 
|   2|0x00000000c1e00000, 0x00000000c1f00000, 0x00000000c1f00000|100%| O|  |TAMS 0x00000000c1f00000, 0x00000000c1f00000| Untracked 
|   3|0x00000000c1f00000, 0x00000000c2000000, 0x00000000c2000000|100%| O|  |TAMS 0x00000000c2000000, 0x00000000c2000000| Untracked 
|   4|0x00000000c2000000, 0x00000000c2100000, 0x00000000c2100000|100%| O|  |TAMS 0x00000000c2100000, 0x00000000c2100000| Untracked 
|   5|0x00000000c2100000, 0x00000000c2200000, 0x00000000c2200000|100%| O|  |TAMS 0x00000000c2200000, 0x00000000c2200000| Untracked 
|   6|0x00000000c2200000, 0x00000000c2300000, 0x00000000c2300000|100%| O|  |TAMS 0x00000000c2300000, 0x00000000c2300000| Untracked 
|   7|0x00000000c2300000, 0x00000000c2400000, 0x00000000c2400000|100%| O|  |TAMS 0x00000000c2400000, 0x00000000c2400000| Untracked 
|   8|0x00000000c2400000, 0x00000000c2500000, 0x00000000c2500000|100%| O|  |TAMS 0x00000000c2500000, 0x00000000c2500000| Untracked 
|   9|0x00000000c2500000, 0x00000000c2600000, 0x00000000c2600000|100%| O|  |TAMS 0x00000000c2600000, 0x00000000c2600000| Untracked 
|  10|0x00000000c2600000, 0x00000000c2700000, 0x00000000c2700000|100%| O|  |TAMS 0x00000000c2700000, 0x00000000c2700000| Untracked 
|  11|0x00000000c2700000, 0x00000000c2800000, 0x00000000c2800000|100%| O|  |TAMS 0x00000000c2800000, 0x00000000c2800000| Untracked 
|  12|0x00000000c2800000, 0x00000000c2900000, 0x00000000c2900000|100%| O|  |TAMS 0x00000000c2900000, 0x00000000c2900000| Untracked 
|  13|0x00000000c2900000, 0x00000000c2a00000, 0x00000000c2a00000|100%| O|  |TAMS 0x00000000c2a00000, 0x00000000c2a00000| Untracked 
|  14|0x00000000c2a00000, 0x00000000c2b00000, 0x00000000c2b00000|100%| O|  |TAMS 0x00000000c2b00000, 0x00000000c2b00000| Untracked 
|  15|0x00000000c2b00000, 0x00000000c2bc6000, 0x00000000c2c00000| 77%| O|  |TAMS 0x00000000c2b19c00, 0x00000000c2bc6000| Untracked 
|  16|0x00000000c2c00000, 0x00000000c2c00000, 0x00000000c2d00000|  0%| F|  |TAMS 0x00000000c2c00000, 0x00000000c2c00000| Untracked 
|  17|0x00000000c2d00000, 0x00000000c2d00000, 0x00000000c2e00000|  0%| F|  |TAMS 0x00000000c2d00000, 0x00000000c2d00000| Untracked 
|  18|0x00000000c2e00000, 0x00000000c2e00000, 0x00000000c2f00000|  0%| F|  |TAMS 0x00000000c2e00000, 0x00000000c2e00000| Untracked 
|  19|0x00000000c2f00000, 0x00000000c2f00000, 0x00000000c3000000|  0%| F|  |TAMS 0x00000000c2f00000, 0x00000000c2f00000| Untracked 
|  20|0x00000000c3000000, 0x00000000c3000000, 0x00000000c3100000|  0%| F|  |TAMS 0x00000000c3000000, 0x00000000c3000000| Untracked 
|  21|0x00000000c3100000, 0x00000000c3100000, 0x00000000c3200000|  0%| F|  |TAMS 0x00000000c3100000, 0x00000000c3100000| Untracked 
|  22|0x00000000c3200000, 0x00000000c3200000, 0x00000000c3300000|  0%| F|  |TAMS 0x00000000c3200000, 0x00000000c3200000| Untracked 
|  23|0x00000000c3300000, 0x00000000c3300000, 0x00000000c3400000|  0%| F|  |TAMS 0x00000000c3300000, 0x00000000c3300000| Untracked 
|  24|0x00000000c3400000, 0x00000000c3400000, 0x00000000c3500000|  0%| F|  |TAMS 0x00000000c3400000, 0x00000000c3400000| Untracked 
|  25|0x00000000c3500000, 0x00000000c3500000, 0x00000000c3600000|  0%| F|  |TAMS 0x00000000c3500000, 0x00000000c3500000| Untracked 
|  26|0x00000000c3600000, 0x00000000c3600000, 0x00000000c3700000|  0%| F|  |TAMS 0x00000000c3600000, 0x00000000c3600000| Untracked 
|  27|0x00000000c3700000, 0x00000000c3700000, 0x00000000c3800000|  0%| F|  |TAMS 0x00000000c3700000, 0x00000000c3700000| Untracked 
|  28|0x00000000c3800000, 0x00000000c3800000, 0x00000000c3900000|  0%| F|  |TAMS 0x00000000c3800000, 0x00000000c3800000| Untracked 
|  29|0x00000000c3900000, 0x00000000c3900000, 0x00000000c3a00000|  0%| F|  |TAMS 0x00000000c3900000, 0x00000000c3900000| Untracked 
|  30|0x00000000c3a00000, 0x00000000c3a00000, 0x00000000c3b00000|  0%| F|  |TAMS 0x00000000c3a00000, 0x00000000c3a00000| Untracked 
|  31|0x00000000c3b00000, 0x00000000c3b00000, 0x00000000c3c00000|  0%| F|  |TAMS 0x00000000c3b00000, 0x00000000c3b00000| Untracked 
|  32|0x00000000c3c00000, 0x00000000c3c00000, 0x00000000c3d00000|  0%| F|  |TAMS 0x00000000c3c00000, 0x00000000c3c00000| Untracked 
|  33|0x00000000c3d00000, 0x00000000c3d00000, 0x00000000c3e00000|  0%| F|  |TAMS 0x00000000c3d00000, 0x00000000c3d00000| Untracked 
|  34|0x00000000c3e00000, 0x00000000c3e00000, 0x00000000c3f00000|  0%| F|  |TAMS 0x00000000c3e00000, 0x00000000c3e00000| Untracked 
|  35|0x00000000c3f00000, 0x00000000c3f00000, 0x00000000c4000000|  0%| F|  |TAMS 0x00000000c3f00000, 0x00000000c3f00000| Untracked 
|  36|0x00000000c4000000, 0x00000000c4000000, 0x00000000c4100000|  0%| F|  |TAMS 0x00000000c4000000, 0x00000000c4000000| Untracked 
|  37|0x00000000c4100000, 0x00000000c4100000, 0x00000000c4200000|  0%| F|  |TAMS 0x00000000c4100000, 0x00000000c4100000| Untracked 
|  38|0x00000000c4200000, 0x00000000c4200000, 0x00000000c4300000|  0%| F|  |TAMS 0x00000000c4200000, 0x00000000c4200000| Untracked 
|  39|0x00000000c4300000, 0x00000000c4300000, 0x00000000c4400000|  0%| F|  |TAMS 0x00000000c4300000, 0x00000000c4300000| Untracked 
|  40|0x00000000c4400000, 0x00000000c4400000, 0x00000000c4500000|  0%| F|  |TAMS 0x00000000c4400000, 0x00000000c4400000| Untracked 
|  41|0x00000000c4500000, 0x00000000c4500000, 0x00000000c4600000|  0%| F|  |TAMS 0x00000000c4500000, 0x00000000c4500000| Untracked 
|  42|0x00000000c4600000, 0x00000000c4600000, 0x00000000c4700000|  0%| F|  |TAMS 0x00000000c4600000, 0x00000000c4600000| Untracked 
|  43|0x00000000c4700000, 0x00000000c4700000, 0x00000000c4800000|  0%| F|  |TAMS 0x00000000c4700000, 0x00000000c4700000| Untracked 
|  44|0x00000000c4800000, 0x00000000c4800000, 0x00000000c4900000|  0%| F|  |TAMS 0x00000000c4800000, 0x00000000c4800000| Untracked 
|  45|0x00000000c4900000, 0x00000000c4900000, 0x00000000c4a00000|  0%| F|  |TAMS 0x00000000c4900000, 0x00000000c4900000| Untracked 
|  46|0x00000000c4a00000, 0x00000000c4a00000, 0x00000000c4b00000|  0%| F|  |TAMS 0x00000000c4a00000, 0x00000000c4a00000| Untracked 
|  47|0x00000000c4b00000, 0x00000000c4b00000, 0x00000000c4c00000|  0%| F|  |TAMS 0x00000000c4b00000, 0x00000000c4b00000| Untracked 
|  48|0x00000000c4c00000, 0x00000000c4c00000, 0x00000000c4d00000|  0%| F|  |TAMS 0x00000000c4c00000, 0x00000000c4c00000| Untracked 
|  49|0x00000000c4d00000, 0x00000000c4d00000, 0x00000000c4e00000|  0%| F|  |TAMS 0x00000000c4d00000, 0x00000000c4d00000| Untracked 
|  50|0x00000000c4e00000, 0x00000000c4e00000, 0x00000000c4f00000|  0%| F|  |TAMS 0x00000000c4e00000, 0x00000000c4e00000| Untracked 
|  51|0x00000000c4f00000, 0x00000000c4f00000, 0x00000000c5000000|  0%| F|  |TAMS 0x00000000c4f00000, 0x00000000c4f00000| Untracked 
|  52|0x00000000c5000000, 0x00000000c5000000, 0x00000000c5100000|  0%| F|  |TAMS 0x00000000c5000000, 0x00000000c5000000| Untracked 
|  53|0x00000000c5100000, 0x00000000c5100000, 0x00000000c5200000|  0%| F|  |TAMS 0x00000000c5100000, 0x00000000c5100000| Untracked 
|  54|0x00000000c5200000, 0x00000000c5200000, 0x00000000c5300000|  0%| F|  |TAMS 0x00000000c5200000, 0x00000000c5200000| Untracked 
|  55|0x00000000c5300000, 0x00000000c5300000, 0x00000000c5400000|  0%| F|  |TAMS 0x00000000c5300000, 0x00000000c5300000| Untracked 
|  56|0x00000000c5400000, 0x00000000c5400000, 0x00000000c5500000|  0%| F|  |TAMS 0x00000000c5400000, 0x00000000c5400000| Untracked 
|  57|0x00000000c5500000, 0x00000000c5500000, 0x00000000c5600000|  0%| F|  |TAMS 0x00000000c5500000, 0x00000000c5500000| Untracked 
|  58|0x00000000c5600000, 0x00000000c5600000, 0x00000000c5700000|  0%| F|  |TAMS 0x00000000c5600000, 0x00000000c5600000| Untracked 
|  59|0x00000000c5700000, 0x00000000c5700000, 0x00000000c5800000|  0%| F|  |TAMS 0x00000000c5700000, 0x00000000c5700000| Untracked 
|  60|0x00000000c5800000, 0x00000000c5800000, 0x00000000c5900000|  0%| F|  |TAMS 0x00000000c5800000, 0x00000000c5800000| Untracked 
|  61|0x00000000c5900000, 0x00000000c5900000, 0x00000000c5a00000|  0%| F|  |TAMS 0x00000000c5900000, 0x00000000c5900000| Untracked 
|  62|0x00000000c5a00000, 0x00000000c5a00000, 0x00000000c5b00000|  0%| F|  |TAMS 0x00000000c5a00000, 0x00000000c5a00000| Untracked 
|  63|0x00000000c5b00000, 0x00000000c5b00000, 0x00000000c5c00000|  0%| F|  |TAMS 0x00000000c5b00000, 0x00000000c5b00000| Untracked 
|  64|0x00000000c5c00000, 0x00000000c5c00000, 0x00000000c5d00000|  0%| F|  |TAMS 0x00000000c5c00000, 0x00000000c5c00000| Untracked 
|  65|0x00000000c5d00000, 0x00000000c5d00000, 0x00000000c5e00000|  0%| F|  |TAMS 0x00000000c5d00000, 0x00000000c5d00000| Untracked 
|  66|0x00000000c5e00000, 0x00000000c5e00000, 0x00000000c5f00000|  0%| F|  |TAMS 0x00000000c5e00000, 0x00000000c5e00000| Untracked 
|  67|0x00000000c5f00000, 0x00000000c5f00000, 0x00000000c6000000|  0%| F|  |TAMS 0x00000000c5f00000, 0x00000000c5f00000| Untracked 
|  68|0x00000000c6000000, 0x00000000c6000000, 0x00000000c6100000|  0%| F|  |TAMS 0x00000000c6000000, 0x00000000c6000000| Untracked 
|  69|0x00000000c6100000, 0x00000000c6100000, 0x00000000c6200000|  0%| F|  |TAMS 0x00000000c6100000, 0x00000000c6100000| Untracked 
|  70|0x00000000c6200000, 0x00000000c6200000, 0x00000000c6300000|  0%| F|  |TAMS 0x00000000c6200000, 0x00000000c6200000| Untracked 
|  71|0x00000000c6300000, 0x00000000c6300000, 0x00000000c6400000|  0%| F|  |TAMS 0x00000000c6300000, 0x00000000c6300000| Untracked 
|  72|0x00000000c6400000, 0x00000000c6400000, 0x00000000c6500000|  0%| F|  |TAMS 0x00000000c6400000, 0x00000000c6400000| Untracked 
|  73|0x00000000c6500000, 0x00000000c6500000, 0x00000000c6600000|  0%| F|  |TAMS 0x00000000c6500000, 0x00000000c6500000| Untracked 
|  74|0x00000000c6600000, 0x00000000c6600000, 0x00000000c6700000|  0%| F|  |TAMS 0x00000000c6600000, 0x00000000c6600000| Untracked 
|  75|0x00000000c6700000, 0x00000000c6700000, 0x00000000c6800000|  0%| F|  |TAMS 0x00000000c6700000, 0x00000000c6700000| Untracked 
|  76|0x00000000c6800000, 0x00000000c6800000, 0x00000000c6900000|  0%| F|  |TAMS 0x00000000c6800000, 0x00000000c6800000| Untracked 
|  77|0x00000000c6900000, 0x00000000c6900000, 0x00000000c6a00000|  0%| F|  |TAMS 0x00000000c6900000, 0x00000000c6900000| Untracked 
|  78|0x00000000c6a00000, 0x00000000c6a00000, 0x00000000c6b00000|  0%| F|  |TAMS 0x00000000c6a00000, 0x00000000c6a00000| Untracked 
|  79|0x00000000c6b00000, 0x00000000c6b00000, 0x00000000c6c00000|  0%| F|  |TAMS 0x00000000c6b00000, 0x00000000c6b00000| Untracked 
|  80|0x00000000c6c00000, 0x00000000c6c00000, 0x00000000c6d00000|  0%| F|  |TAMS 0x00000000c6c00000, 0x00000000c6c00000| Untracked 
|  81|0x00000000c6d00000, 0x00000000c6d00000, 0x00000000c6e00000|  0%| F|  |TAMS 0x00000000c6d00000, 0x00000000c6d00000| Untracked 
|  82|0x00000000c6e00000, 0x00000000c6e00000, 0x00000000c6f00000|  0%| F|  |TAMS 0x00000000c6e00000, 0x00000000c6e00000| Untracked 
|  83|0x00000000c6f00000, 0x00000000c6f00000, 0x00000000c7000000|  0%| F|  |TAMS 0x00000000c6f00000, 0x00000000c6f00000| Untracked 
|  84|0x00000000c7000000, 0x00000000c70b1980, 0x00000000c7100000| 69%| S|CS|TAMS 0x00000000c7000000, 0x00000000c7000000| Complete 
|  85|0x00000000c7100000, 0x00000000c7200000, 0x00000000c7200000|100%| S|CS|TAMS 0x00000000c7100000, 0x00000000c7100000| Complete 
|  86|0x00000000c7200000, 0x00000000c7300000, 0x00000000c7300000|100%| S|CS|TAMS 0x00000000c7200000, 0x00000000c7200000| Complete 
|  87|0x00000000c7300000, 0x00000000c7400000, 0x00000000c7400000|100%| S|CS|TAMS 0x00000000c7300000, 0x00000000c7300000| Complete 
|  88|0x00000000c7400000, 0x00000000c7400000, 0x00000000c7500000|  0%| F|  |TAMS 0x00000000c7400000, 0x00000000c7400000| Untracked 
|  89|0x00000000c7500000, 0x00000000c7500000, 0x00000000c7600000|  0%| F|  |TAMS 0x00000000c7500000, 0x00000000c7500000| Untracked 
|  90|0x00000000c7600000, 0x00000000c7600000, 0x00000000c7700000|  0%| F|  |TAMS 0x00000000c7600000, 0x00000000c7600000| Untracked 
|  91|0x00000000c7700000, 0x00000000c7700000, 0x00000000c7800000|  0%| F|  |TAMS 0x00000000c7700000, 0x00000000c7700000| Untracked 
|  92|0x00000000c7800000, 0x00000000c7800000, 0x00000000c7900000|  0%| F|  |TAMS 0x00000000c7800000, 0x00000000c7800000| Untracked 

Card table byte_map: [0x000001d0f55f0000,0x000001d0f57f0000] _byte_map_base: 0x000001d0f4fe2000

Marking Bits (Prev, Next): (CMBitMap*) 0x000001d0ecf72fd0, (CMBitMap*) 0x000001d0ecf72f98
 Prev Bits: [0x000001d0f6980000, 0x000001d0f7910000)
 Next Bits: [0x000001d0f59f0000, 0x000001d0f6980000)

Polling page: 0x000001d0ec720000

Metaspace:

Usage:
  Non-class:     37.42 MB capacity,    36.77 MB ( 98%) used,   521.80 KB (  1%) free+waste,   138.94 KB ( <1%) overhead. 
      Class:      5.72 MB capacity,     5.28 MB ( 92%) used,   384.68 KB (  7%) free+waste,    68.06 KB (  1%) overhead. 
       Both:     43.14 MB capacity,    42.05 MB ( 97%) used,   906.48 KB (  2%) free+waste,   207.00 KB ( <1%) overhead. 

Virtual space:
  Non-class space:       44.00 MB reserved,      37.42 MB ( 85%) committed 
      Class space:        1.00 GB reserved,       5.75 MB ( <1%) committed 
             Both:        1.04 GB reserved,      43.17 MB (  4%) committed 

Chunk freelists:
   Non-Class:  512 bytes
       Class:  128 bytes
        Both:  640 bytes

CodeHeap 'non-profiled nmethods': size=238912Kb used=5964Kb max_used=5964Kb free=232948Kb
 bounds [0x000001d0806b0000, 0x000001d080c90000, 0x000001d08f000000]
CodeHeap 'non-nmethods': size=6848Kb used=1189Kb max_used=1189Kb free=5658Kb
 bounds [0x000001d080000000, 0x000001d080270000, 0x000001d0806b0000]
 total_blobs=4382 nmethods=3839 adapters=468
 compilation: enabled
              stopped_count=0, restarted_count=0
 full_count=0

Compilation events (10 events):
Event: 8.244 Thread 0x000001d0fa60e000 3834       1       org.hibernate.boot.model.naming.Identifier::<init> (49 bytes)
Event: 8.244 Thread 0x000001d0fa60e000 nmethod 3834 0x000001d080c80b90 code [0x000001d080c80d60, 0x000001d080c80fe8]
Event: 8.244 Thread 0x000001d0fa60e000 3835       1       org.hibernate.engine.jdbc.env.internal.NormalizingIdentifierHelperImpl::normalizeQuoting (87 bytes)
Event: 8.245 Thread 0x000001d0fa60e000 nmethod 3835 0x000001d080c81190 code [0x000001d080c81420, 0x000001d080c81d38]
Event: 8.245 Thread 0x000001d0fa60e000 3836       1       org.jboss.logging.Logger::tracef (31 bytes)
Event: 8.246 Thread 0x000001d0fa60e000 nmethod 3836 0x000001d080c82190 code [0x000001d080c82360, 0x000001d080c82618]
Event: 8.289 Thread 0x000001d0fa60e000 3837       1       java.lang.CompoundEnumeration::next (58 bytes)
Event: 8.289 Thread 0x000001d0fa60e000 nmethod 3837 0x000001d080c82710 code [0x000001d080c828c0, 0x000001d080c82a28]
Event: 8.316 Thread 0x000001d0fa60e000 3839       1       java.lang.CompoundEnumeration::hasMoreElements (5 bytes)
Event: 8.317 Thread 0x000001d0fa60e000 nmethod 3839 0x000001d080c82d10 code [0x000001d080c82ec0, 0x000001d080c82f88]

GC Heap History (10 events):
Event: 4.659 GC heap after
{Heap after GC invocations=9 (full 0):
 garbage-first heap   total 78848K, used 12652K [0x00000000c1c00000, 0x0000000100000000)
  region size 1024K, 5 young (5120K), 5 survivors (5120K)
 Metaspace       used 26753K, capacity 27591K, committed 27696K, reserved 1073152K
  class space    used 3290K, capacity 3613K, committed 3712K, reserved 1048576K
}
Event: 6.140 GC heap before
{Heap before GC invocations=9 (full 0):
 garbage-first heap   total 78848K, used 53612K [0x00000000c1c00000, 0x0000000100000000)
  region size 1024K, 46 young (47104K), 5 survivors (5120K)
 Metaspace       used 30953K, capacity 32057K, committed 32176K, reserved 1077248K
  class space    used 3816K, capacity 4251K, committed 4352K, reserved 1048576K
}
Event: 6.166 GC heap after
{Heap after GC invocations=10 (full 0):
 garbage-first heap   total 95232K, used 15840K [0x00000000c1c00000, 0x0000000100000000)
  region size 1024K, 6 young (6144K), 6 survivors (6144K)
 Metaspace       used 30953K, capacity 32057K, committed 32176K, reserved 1077248K
  class space    used 3816K, capacity 4251K, committed 4352K, reserved 1048576K
}
Event: 6.412 GC heap before
{Heap before GC invocations=10 (full 0):
 garbage-first heap   total 95232K, used 60896K [0x00000000c1c00000, 0x0000000100000000)
  region size 1024K, 51 young (52224K), 6 survivors (6144K)
 Metaspace       used 31524K, capacity 32682K, committed 32688K, reserved 1077248K
  class space    used 3895K, capacity 4352K, committed 4352K, reserved 1048576K
}
Event: 6.429 GC heap after
{Heap after GC invocations=11 (full 0):
 garbage-first heap   total 95232K, used 16010K [0x00000000c1c00000, 0x0000000100000000)
  region size 1024K, 4 young (4096K), 4 survivors (4096K)
 Metaspace       used 31524K, capacity 32682K, committed 32688K, reserved 1077248K
  class space    used 3895K, capacity 4352K, committed 4352K, reserved 1048576K
}
Event: 6.944 GC heap before
{Heap before GC invocations=11 (full 0):
 garbage-first heap   total 95232K, used 40586K [0x00000000c1c00000, 0x0000000100000000)
  region size 1024K, 29 young (29696K), 4 survivors (4096K)
 Metaspace       used 34702K, capacity 35779K, committed 35888K, reserved 1081344K
  class space    used 4192K, capacity 4659K, committed 4736K, reserved 1048576K
}
Event: 6.954 GC heap after
{Heap after GC invocations=12 (full 0):
 garbage-first heap   total 95232K, used 17944K [0x00000000c1c00000, 0x0000000100000000)
  region size 1024K, 6 young (6144K), 6 survivors (6144K)
 Metaspace       used 34702K, capacity 35779K, committed 35888K, reserved 1081344K
  class space    used 4192K, capacity 4659K, committed 4736K, reserved 1048576K
}
Event: 8.107 GC heap before
{Heap before GC invocations=13 (full 0):
 garbage-first heap   total 95232K, used 63000K [0x00000000c1c00000, 0x0000000100000000)
  region size 1024K, 50 young (51200K), 6 survivors (6144K)
 Metaspace       used 42266K, capacity 43396K, committed 43696K, reserved 1087488K
  class space    used 5305K, capacity 5788K, committed 5888K, reserved 1048576K
}
Event: 8.120 GC heap after
{Heap after GC invocations=14 (full 0):
 garbage-first heap   total 95232K, used 19559K [0x00000000c1c00000, 0x0000000100000000)
  region size 1024K, 4 young (4096K), 4 survivors (4096K)
 Metaspace       used 42266K, capacity 43396K, committed 43696K, reserved 1087488K
  class space    used 5305K, capacity 5788K, committed 5888K, reserved 1048576K
}
Event: 8.328 GC heap before
{Heap before GC invocations=15 (full 0):
 garbage-first heap   total 95232K, used 23655K [0x00000000c1c00000, 0x0000000100000000)
  region size 1024K, 9 young (9216K), 4 survivors (4096K)
 Metaspace       used 43057K, capacity 44171K, committed 44208K, reserved 1093632K
  class space    used 5402K, capacity 5855K, committed 5888K, reserved 1048576K
}

Deoptimization events (0 events):
No events

Classes redefined (0 events):
No events

Internal exceptions (10 events):
Event: 7.074 Thread 0x000001d0ecf45800 Exception <a 'java/lang/ClassNotFoundException'{0x00000000c72cf248}: org/springframework/beans/factory/AwareCustomizer> (0x00000000c72cf248) thrown at [./open/src/hotspot/share/classfile/systemDictionary.cpp, line 228]
Event: 7.075 Thread 0x000001d0ecf45800 Exception <a 'java/lang/ClassNotFoundException'{0x00000000c72e1a30}: org/springframework/beans/factory/BeanFactoryAwareCustomizer> (0x00000000c72e1a30) thrown at [./open/src/hotspot/share/classfile/systemDictionary.cpp, line 228]
Event: 7.077 Thread 0x000001d0ecf45800 Exception <a 'java/lang/ClassNotFoundException'{0x00000000c72f3b58}: org/springframework/beans/factory/AwareCustomizer> (0x00000000c72f3b58) thrown at [./open/src/hotspot/share/classfile/systemDictionary.cpp, line 228]
Event: 7.078 Thread 0x000001d0ecf45800 Exception <a 'java/lang/ClassNotFoundException'{0x00000000c7105f10}: org/springframework/beans/factory/BeanNameAwareCustomizer> (0x00000000c7105f10) thrown at [./open/src/hotspot/share/classfile/systemDictionary.cpp, line 228]
Event: 7.079 Thread 0x000001d0ecf45800 Exception <a 'java/lang/ClassNotFoundException'{0x00000000c7117ac0}: org/springframework/beans/factory/AwareCustomizer> (0x00000000c7117ac0) thrown at [./open/src/hotspot/share/classfile/systemDictionary.cpp, line 228]
Event: 7.080 Thread 0x000001d0ecf45800 Exception <a 'java/lang/ClassNotFoundException'{0x00000000c712a2a8}: org/springframework/beans/factory/InitializingBeanCustomizer> (0x00000000c712a2a8) thrown at [./open/src/hotspot/share/classfile/systemDictionary.cpp, line 228]
Event: 7.080 Thread 0x000001d0ecf45800 Exception <a 'java/lang/ClassNotFoundException'{0x00000000c713cdb0}: org/springframework/beans/factory/DisposableBeanCustomizer> (0x00000000c713cdb0) thrown at [./open/src/hotspot/share/classfile/systemDictionary.cpp, line 228]
Event: 7.080 Thread 0x000001d0ecf45800 Exception <a 'java/lang/ClassNotFoundException'{0x00000000c7150610}: org/springframework/orm/jpa/EntityManagerFactoryInfoCustomizer> (0x00000000c7150610) thrown at [./open/src/hotspot/share/classfile/systemDictionary.cpp, line 228]
Event: 7.081 Thread 0x000001d0ecf45800 Exception <a 'java/lang/ClassNotFoundException'{0x00000000c716ef38}: org/springframework/dao/support/PersistenceExceptionTranslatorCustomizer> (0x00000000c716ef38) thrown at [./open/src/hotspot/share/classfile/systemDictionary.cpp, line 228]
Event: 8.304 Thread 0x000001d0ecf45800 Exception <a 'java/lang/NoSuchMethodError'{0x00000000c755a120}: java.lang.invoke.DirectMethodHandle$Holder.newInvokeSpecial(Ljava/lang/Object;Ljava/lang/Object;ILjava/lang/Object;Ljava/lang/Object;)Ljava/lang/Object;> (0x00000000c755a120) thrown at [./ope

Events (10 events):
Event: 8.325 loading class org/hibernate/event/service/internal/EventListenerRegistryImpl done
Event: 8.326 loading class org/hibernate/jpa/event/internal/CallbacksFactory
Event: 8.326 loading class org/hibernate/jpa/event/internal/CallbacksFactory done
Event: 8.327 loading class org/hibernate/jpa/event/internal/CallbackRegistryImpl
Event: 8.327 loading class org/hibernate/jpa/event/internal/CallbackRegistryImpl done
Event: 8.327 loading class org/hibernate/jpa/event/internal/CallbackRegistryImplementor
Event: 8.327 loading class org/hibernate/jpa/event/internal/CallbackRegistryImplementor done
Event: 8.327 loading class org/hibernate/jpa/event/spi/CallbackRegistry
Event: 8.327 loading class org/hibernate/jpa/event/spi/CallbackRegistry done
Event: 8.328 Executing VM operation: CollectForMetadataAllocation


Dynamic libraries:
0x00007ff6c70a0000 - 0x00007ff6c70af000 	C:\Program Files\Java\jdk-11.0.11\bin\java.exe
0x00007ffa39c50000 - 0x00007ffa39e45000 	C:\Windows\SYSTEM32\ntdll.dll
0x00007ffa38710000 - 0x00007ffa387cd000 	C:\Windows\System32\KERNEL32.DLL
0x00007ffa375b0000 - 0x00007ffa37878000 	C:\Windows\System32\KERNELBASE.dll
0x00007ffa37420000 - 0x00007ffa37520000 	C:\Windows\System32\ucrtbase.dll
0x00007ffa173a0000 - 0x00007ffa173b8000 	C:\Program Files\Java\jdk-11.0.11\bin\jli.dll
0x00007ffa15dc0000 - 0x00007ffa15dd5000 	C:\Program Files\Java\jdk-11.0.11\bin\VCRUNTIME140.dll
0x00007ffa38640000 - 0x00007ffa386ec000 	C:\Windows\System32\ADVAPI32.dll
0x00007ffa39140000 - 0x00007ffa391de000 	C:\Windows\System32\msvcrt.dll
0x00007ffa39990000 - 0x00007ffa39a2b000 	C:\Windows\System32\sechost.dll
0x00007ffa38510000 - 0x00007ffa3863b000 	C:\Windows\System32\RPCRT4.dll
0x00007ffa38aa0000 - 0x00007ffa38c40000 	C:\Windows\System32\USER32.dll
0x00007ffa37be0000 - 0x00007ffa37c02000 	C:\Windows\System32\win32u.dll
0x00007ffa39a30000 - 0x00007ffa39a5a000 	C:\Windows\System32\GDI32.dll
0x00007ffa37880000 - 0x00007ffa3798b000 	C:\Windows\System32\gdi32full.dll
0x00007ffa23b90000 - 0x00007ffa23e2a000 	C:\Windows\WinSxS\amd64_microsoft.windows.common-controls_6595b64144ccf1df_6.0.19041.1052_none_60b8f8fd71f5e8cb\COMCTL32.dll
0x00007ffa379e0000 - 0x00007ffa37a7d000 	C:\Windows\System32\msvcp_win.dll
0x00007ffa2e590000 - 0x00007ffa2e59a000 	C:\Windows\SYSTEM32\VERSION.dll
0x00007ffa38a70000 - 0x00007ffa38aa0000 	C:\Windows\System32\IMM32.DLL
0x00007ff9fd510000 - 0x00007ff9fd5ab000 	C:\Program Files\Java\jdk-11.0.11\bin\msvcp140.dll
0x00007ff9f3b00000 - 0x00007ff9f45fe000 	C:\Program Files\Java\jdk-11.0.11\bin\server\jvm.dll
0x00007ffa387d0000 - 0x00007ffa387d8000 	C:\Windows\System32\PSAPI.DLL
0x00007ffa24b10000 - 0x00007ffa24b37000 	C:\Windows\SYSTEM32\WINMM.dll
0x00007ffa218a0000 - 0x00007ffa218a9000 	C:\Windows\SYSTEM32\WSOCK32.dll
0x00007ffa39840000 - 0x00007ffa398ab000 	C:\Windows\System32\WS2_32.dll
0x00007ffa35c90000 - 0x00007ffa35ca2000 	C:\Windows\SYSTEM32\kernel.appcore.dll
0x00007ffa30a70000 - 0x00007ffa30a80000 	C:\Program Files\Java\jdk-11.0.11\bin\verify.dll
0x00007ffa35190000 - 0x00007ffa35374000 	C:\Windows\SYSTEM32\DBGHELP.DLL
0x00007ffa1cb00000 - 0x00007ffa1cb2c000 	C:\Windows\SYSTEM32\dbgcore.DLL
0x00007ffa37520000 - 0x00007ffa375a3000 	C:\Windows\System32\bcryptPrimitives.dll
0x00007ffa13850000 - 0x00007ffa13878000 	C:\Program Files\Java\jdk-11.0.11\bin\java.dll
0x00007ffa30650000 - 0x00007ffa3065a000 	C:\Program Files\Java\jdk-11.0.11\bin\jimage.dll
0x00007ffa13190000 - 0x00007ffa131a6000 	C:\Program Files\Java\jdk-11.0.11\bin\zip.dll
0x00007ffa37cc0000 - 0x00007ffa383ff000 	C:\Windows\System32\SHELL32.dll
0x00007ffa35380000 - 0x00007ffa35b10000 	C:\Windows\SYSTEM32\windows.storage.dll
0x00007ffa38c40000 - 0x00007ffa38f95000 	C:\Windows\System32\combase.dll
0x00007ffa36d30000 - 0x00007ffa36d5c000 	C:\Windows\SYSTEM32\Wldp.dll
0x00007ffa38460000 - 0x00007ffa3850e000 	C:\Windows\System32\SHCORE.dll
0x00007ffa38a10000 - 0x00007ffa38a65000 	C:\Windows\System32\shlwapi.dll
0x00007ffa372d0000 - 0x00007ffa372ef000 	C:\Windows\SYSTEM32\profapi.dll
0x00007ffa13020000 - 0x00007ffa13039000 	C:\Program Files\Java\jdk-11.0.11\bin\net.dll
0x00007ffa24c00000 - 0x00007ffa24d0b000 	C:\Windows\SYSTEM32\WINHTTP.dll
0x00007ffa36aa0000 - 0x00007ffa36b0a000 	C:\Windows\system32\mswsock.dll
0x00007ffa12e30000 - 0x00007ffa12e42000 	C:\Program Files\Java\jdk-11.0.11\bin\nio.dll
0x00007ffa2f990000 - 0x00007ffa2f999000 	C:\Program Files\Java\jdk-11.0.11\bin\management.dll
0x00007ffa280b0000 - 0x00007ffa280bb000 	C:\Program Files\Java\jdk-11.0.11\bin\management_ext.dll
0x00007ffa21f50000 - 0x00007ffa21f67000 	C:\Windows\system32\napinsp.dll
0x00007ffa21f30000 - 0x00007ffa21f4b000 	C:\Windows\system32\pnrpnsp.dll
0x00007ffa31e60000 - 0x00007ffa31e75000 	C:\Windows\system32\wshbth.dll
0x00007ffa32380000 - 0x00007ffa3239d000 	C:\Windows\system32\NLAapi.dll
0x00007ffa36790000 - 0x00007ffa367cb000 	C:\Windows\SYSTEM32\IPHLPAPI.DLL
0x00007ffa367d0000 - 0x00007ffa3689c000 	C:\Windows\SYSTEM32\DNSAPI.dll
0x00007ffa39720000 - 0x00007ffa39728000 	C:\Windows\System32\NSI.dll
0x00007ffa21fe0000 - 0x00007ffa21ff2000 	C:\Windows\System32\winrnr.dll
0x00007ffa247f0000 - 0x00007ffa247fa000 	C:\Windows\System32\rasadhlp.dll
0x00007ffa25940000 - 0x00007ffa259bf000 	C:\Windows\System32\fwpuclnt.dll
0x00007ffa373f0000 - 0x00007ffa37417000 	C:\Windows\System32\bcrypt.dll
0x00007ffa36c80000 - 0x00007ffa36c98000 	C:\Windows\SYSTEM32\CRYPTSP.dll
0x00007ffa36440000 - 0x00007ffa36474000 	C:\Windows\system32\rsaenh.dll
0x00007ffa37290000 - 0x00007ffa372be000 	C:\Windows\SYSTEM32\USERENV.dll
0x00007ffa36c70000 - 0x00007ffa36c7c000 	C:\Windows\SYSTEM32\CRYPTBASE.dll
0x00007ffa287c0000 - 0x00007ffa287d7000 	C:\Windows\SYSTEM32\dhcpcsvc6.DLL
0x00007ffa2b910000 - 0x00007ffa2b92d000 	C:\Windows\SYSTEM32\dhcpcsvc.DLL

dbghelp: loaded successfully - version: 4.0.5 - missing functions: none
symbol engine: initialized successfully - sym options: 0x614 - pdb path: .;C:\Program Files\Java\jdk-11.0.11\bin;C:\Windows\SYSTEM32;C:\Windows\WinSxS\amd64_microsoft.windows.common-controls_6595b64144ccf1df_6.0.19041.1052_none_60b8f8fd71f5e8cb;C:\Program Files\Java\jdk-11.0.11\bin\server

VM Arguments:
jvm_args: -Xverify:none -XX:TieredStopAtLevel=1 -Dfile.encoding=windows-1252 -Duser.country=AR -Duser.language=es -Duser.variant 
java_command: com.mindhub.homebanking.HomebankingApplication
java_class_path (initial): C:\Users\kevin\Desktop\BOOTCAMP\Modulo 3\Tarea 1\homebanking\src\main\resources;C:\Users\kevin\Desktop\BOOTCAMP\Modulo 3\Tarea 1\homebanking\build\classes\java\main;C:\Users\kevin\.gradle\caches\modules-2\files-2.1\com.h2database\h2\1.4.200\f7533fe7cb8e99c87a43d325a77b4b678ad9031a\h2-1.4.200.jar;C:\Users\kevin\.gradle\caches\modules-2\files-2.1\jakarta.transaction\jakarta.transaction-api\1.3.3\c4179d48720a1e87202115fbed6089bdc4195405\jakarta.transaction-api-1.3.3.jar;C:\Users\kevin\.gradle\caches\modules-2\files-2.1\jakarta.persistence\jakarta.persistence-api\2.2.3\8f6ea5daedc614f07a3654a455660145286f024e\jakarta.persistence-api-2.2.3.jar;C:\Users\kevin\.gradle\caches\modules-2\files-2.1\org.hibernate\hibernate-core\5.4.31.Final\b0cd5c1d0dbaed84573203fd348a7e64f94d33cb\hibernate-core-5.4.31.Final.jar;C:\Users\kevin\.gradle\caches\modules-2\files-2.1\org.springframework.data\spring-data-jpa\2.5.1\881f7ae140f424b3bdb1b0c27a61b93e0bee9fa5\spring-data-jpa-2.5.1.jar;C:\Users\kevin\.gradle\caches\modules-2\files-2.1\org.springframework\spring-aspects\5.3.7\632156b7ae401aba21246a88604f9fbb42f18881\spring-aspects-5.3.7.jar;C:\Users\kevin\.gradle\caches\modules-2\files-2.1\org.springframework.data\spring-data-rest-webmvc\3.5.1\b397a93546489e85469e8828c5bdc163e216b1f1\spring-data-rest-webmvc-3.5.1.jar;C:\Users\kevin\.gradle\caches\modules-2\files-2.1\org.springframework\spring-webmvc\5.3.7\8437c7a572177a34607abdaef2f6b8088488f5c0\spring-webmvc-5.3.7.jar;C:\Users\kevin\.gradle\caches\modules-2\files-2.1\org.springframework.security\spring-security-web\5.5.0\98e946722f83311978c4ee627ddf722218746377\spring-security-web-5.5.0.jar;C:\Users\kevin\.gradle\caches\modules-2\files-2.1\org.springframework.data\spring-data-rest-core\3.5.1\db9c98d640c3d43ff9fc3223f6be15de45e388b2\spring-data-rest-core-3.5.1.jar;C:\Users\kevin\.gradle\caches\modules-2\files-2.1\org.springframework.hateoas\spring-hateoas\1.3.1\eb5407a3cfdf0460a4c0d3b55703c822eb5bf851\spring-hate
Launcher Type: SUN_STANDARD

[Global flags]
     bool BytecodeVerificationLocal                = false                                     {product} {command line}
     bool BytecodeVerificationRemote               = false                                     {product} {command line}
     intx CICompilerCount                          = 3                                         {product} {ergonomic}
     uint ConcGCThreads                            = 1                                         {product} {ergonomic}
     uint G1ConcRefinementThreads                  = 4                                         {product} {ergonomic}
   size_t G1HeapRegionSize                         = 1048576                                   {product} {ergonomic}
    uintx GCDrainStackTargetSize                   = 64                                        {product} {ergonomic}
   size_t InitialHeapSize                          = 67108864                                  {product} {ergonomic}
   size_t MarkStackSize                            = 4194304                                   {product} {ergonomic}
   size_t MaxHeapSize                              = 1044381696                                {product} {ergonomic}
   size_t MaxNewSize                               = 625999872                                 {product} {ergonomic}
   size_t MinHeapDeltaBytes                        = 1048576                                   {product} {ergonomic}
    uintx NonNMethodCodeHeapSize                   = 6973028                                {pd product} {ergonomic}
    uintx NonProfiledCodeHeapSize                  = 244685212                              {pd product} {ergonomic}
    uintx ProfiledCodeHeapSize                     = 0                                      {pd product} {ergonomic}
    uintx ReservedCodeCacheSize                    = 251658240                              {pd product} {ergonomic}
     bool SegmentedCodeCache                       = true                                      {product} {ergonomic}
     intx TieredStopAtLevel                        = 1                                         {product} {command line}
     bool UseCompressedClassPointers               = true                                 {lp64_product} {ergonomic}
     bool UseCompressedOops                        = true                                 {lp64_product} {ergonomic}
     bool UseG1GC                                  = true                                      {product} {ergonomic}
     bool UseLargePagesIndividualAllocation        = false                                  {pd product} {ergonomic}

Logging:
Log output configuration:
 #0: stdout all=warning uptime,level,tags
 #1: stderr all=off uptime,level,tags

Environment Variables:
JAVA_HOME=C:\Program Files\Java\jdk-11.0.11
PATH=C:\Python39\Scripts\;C:\Python39\;C:\GRADLE\gradle-6.8\bin;C:\Windows\system32;C:\Windows;C:\Windows\System32\Wbem;C:\Windows\System32\WindowsPowerShell\v1.0\;C:\Windows\System32\OpenSSH\;C:\Program Files\Java\jdk-11.0.11\bin;C:\ProgramData\chocolatey\bin;C:\Program Files\nodejs\;C:\Users\kevin\AppData\Local\Microsoft\WindowsApps;C:\Users\kevin\AppData\Local\Programs\Microsoft VS Code\bin;C:\ProgramData\kevin\GitHubDesktop\bin;C:\GRADLE\gradle-6.8\bin;C:\Users\kevin\AppData\Roaming\npm
USERNAME=kevin
OS=Windows_NT
PROCESSOR_IDENTIFIER=Intel64 Family 6 Model 142 Stepping 9, GenuineIntel



---------------  S Y S T E M  ---------------

OS: Windows 10 , 64 bit Build 19041 (10.0.19041.1023)

CPU:total 4 (initial active 4) (2 cores per cpu, 2 threads per core) family 6 model 142 stepping 9 microcode 0xb4, cmov, cx8, fxsr, mmx, sse, sse2, sse3, ssse3, sse4.1, sse4.2, popcnt, avx, avx2, aes, clmul, erms, 3dnowpref, lzcnt, ht, tsc, tscinvbit, bmi1, bmi2, adx, fma

Memory: 4k page, system-wide physical 3982M (688M free)
TotalPageFile size 16270M (AvailPageFile size 0M)
current process WorkingSet (physical memory assigned to process): 175M, peak: 175M
current process commit charge ("private bytes"): 220M, peak: 239M

vm_info: Java HotSpot(TM) 64-Bit Server VM (11.0.11+9-LTS-194) for windows-amd64 JRE (11.0.11+9-LTS-194), built on Mar 18 2021 18:46:53 by "mach5one" with MS VC++ 15.9 (VS2017)

END.
